<?xml version="1.0" encoding="UTF-8"?>
<testsuite xmlns:xsi="http://www.w3.org/2001/XMLSchema-instance" xsi:noNamespaceSchemaLocation="https://maven.apache.org/surefire/maven-surefire-plugin/xsd/surefire-test-report.xsd" name="TestSuite" time="162.826" tests="2" errors="0" skipped="0" failures="1">
  <properties>
[...]
</properties>
  <testcase name="vefifySafteyText" classname="com.qburst.testing.automationcore.testng.TeslaTest" time="138.583"/>
  <testcase name="vefifySafteyTextFailing" classname="com.qburst.testing.automationcore.testng.TeslaTest" time="15.617">
    <failure message="expected [true] but found [false]" type="java.lang.AssertionError">java.lang.AssertionError: expected [true] but found [false]
	at com.qburst.testing.automationcore.testng.TeslaTest.vefifySafteyTextFailing(TeslaTest.java:34)
</failure>
    <system-out><![CDATA[[INFO ] 2023-03-21 17:49:41.744 [TestNG-tests-1] FirefoxBrowserDriver - Opening firefox browser
[INFO ] 2023-03-21 17:49:44.056 [TestNG-tests-1] TestListner - Starting execution of Test: vefifySafteyTextFailing
[INFO ] 2023-03-21 17:49:44.057 [TestNG-tests-1] ParentDriver - Navigate to application url : https://tesla.com
[DEBUG] 2023-03-21 17:49:45.817 [TestNG-tests-1] ExtentReport - Navigate to the application url: https://tesla.com
[DEBUG] 2023-03-21 17:49:48.614 [TestNG-tests-1] ExtentReport - Select Model 3 from the list
[DEBUG] 2023-03-21 17:49:58.809 [TestNG-tests-1] ExtentReport - Scroll to view the saftey text
[ERROR] 2023-03-21 17:49:59.661 [TestNG-tests-1] TestListner - End of Test: vefifySafteyTextFailing : Failed
[ERROR] 2023-03-21 17:49:59.665 [TestNG-tests-1] TestListner - java.lang.AssertionError: expected [true] but found [false]
]]></system-out>
    <system-err><![CDATA[1679401181197	RemoteAgent	INFO	Perform WebSocket upgrade for incoming connection from 127.0.0.1:50923
1679401181202	CDP	WARN	Invalid browser preferences for CDP. Set "fission.webContentIsolationStrategy"to 0 and "fission.bfcacheInParent" to false before Firefox starts.
1679401181236	Marionette	INFO	Stopped listening on port 50823
Dynamically enable window occlusion 1
[Parent 13104, IPC I/O Parent] WARNING: DuplicateHandle failed for handle 0 in TransferHandles: file /builds/worker/checkouts/gecko/ipc/chromium/src/chrome/common/ipc_channel_win.cc:777
1679401181827	geckodriver	INFO	Listening on 127.0.0.1:10552
1679401181864	mozrunner::runner	INFO	Running command: "C:\\Program Files\\Mozilla Firefox\\firefox.exe" "--marionette" "--remote-debugging-port" "35803" "--remote ... alhost:35803/,http://[::1]:35803/" "-no-remote" "-profile" "C:\\Users\\NIHAMA~1\\AppData\\Local\\Temp\\rust_mozprofileCyYivC"
console.warn: services.settings: Ignoring preference override of remote settings server
console.warn: services.settings: Allow by setting MOZ_REMOTE_SETTINGS_DEVTOOLS=1 in the environment
1679401182147	Marionette	INFO	Marionette enabled
Dynamically enable window occlusion 0
1679401182152	Marionette	INFO	Listening on port 50928
Read port: 50928
WebDriver BiDi listening on ws://127.0.0.1:35803
1679401182315	RemoteAgent	WARN	TLS certificate errors will be ignored for this session
console.warn: SearchSettings: "get: No settings file exists, new profile?" (new NotFoundError("Could not open the file at C:\\Users\\NIHAMA~1\\AppData\\Local\\Temp\\rust_mozprofileCyYivC\\search.json.mozlz4", (void 0)))
DevTools listening on ws://127.0.0.1:35803/devtools/browser/42ba318c-3968-420d-b3d3-e9f58cdf41ac
]]></system-err>
  </testcase>
</testsuite>